warning: unused import: `Deserialize`
 --> src/domain/signals.rs:1:24
  |
1 | use serde::{Serialize, Deserialize};
  |                        ^^^^^^^^^^^
  |
  = note: `#[warn(unused_imports)]` (part of `#[warn(unused)]`) on by default

warning: unused import: `crate::domain::ModuleId`
 --> src/domain/signals.rs:4:5
  |
4 | use crate::domain::ModuleId;
  |     ^^^^^^^^^^^^^^^^^^^^^^^

warning: unused import: `mpsc`
 --> src/domain/signals.rs:5:26
  |
5 | use tokio::sync::{watch, mpsc};
  |                          ^^^^

warning: unused import: `ModuleContext`
 --> src/domain/app.rs:4:50
  |
4 | use crate::ports::registry::{ModuleRegistryPort, ModuleContext};
  |                                                  ^^^^^^^^^^^^^

warning: unused imports: `debug_span`, `debug`, `info_span`, and `info`
  --> src/domain/app.rs:11:15
   |
11 | use tracing::{debug, debug_span, info, info_span};
   |               ^^^^^  ^^^^^^^^^^  ^^^^  ^^^^^^^^^

warning: unused import: `SignalKind`
 --> src/modules/mod.rs:4:41
  |
4 | use crate::domain::signals::{SignalHub, SignalKind};
  |                                         ^^^^^^^^^^

warning: unused import: `geometry::Size`
  --> src/modules/mod.rs:17:42
   |
17 | use crate::domain::{ModuleId, MonitorId, geometry::Size};
   |                                          ^^^^^^^^^^^^^^

warning: unused import: `Value`
 --> src/modules/lua.rs:1:67
  |
1 | use mlua::{Lua, UserData, UserDataMethods, LuaSerdeExt, Function, Value};
  |                                                                   ^^^^^

warning: unused import: `ModuleId`
 --> src/modules/lua.rs:6:21
  |
6 | use crate::domain::{ModuleId, MonitorId, geometry::{Size, Position}};
  |                     ^^^^^^^^

warning: unused import: `crate::modules::ModuleError`
 --> src/modules/lua.rs:7:5
  |
7 | use crate::modules::ModuleError;
  |     ^^^^^^^^^^^^^^^^^^^^^^^^^^^

warning: unused import: `ModuleId`
 --> src/modules/rhai.rs:7:21
  |
7 | use crate::domain::{ModuleId, MonitorId, geometry::{Size, Position}};
  |                     ^^^^^^^^

warning: unused import: `Rect`
 --> src/modules/actor.rs:2:49
  |
2 | use crate::domain::{MonitorId, geometry::{Size, Rect}};
  |                                                 ^^^^

warning: unused imports: `debug_span` and `error`
 --> src/adapters/hyprland.rs:8:15
  |
8 | use tracing::{error, debug_span};
  |               ^^^^^  ^^^^^^^^^^

warning: unused import: `std::time::Duration`
 --> src/adapters/hyprland.rs:9:5
  |
9 | use std::time::Duration;
  |     ^^^^^^^^^^^^^^^^^^^

warning: unused import: `debug`
 --> src/adapters/zbus.rs:7:15
  |
7 | use tracing::{debug, error, info};
  |               ^^^^^

warning: unused import: `MessageStream`
  --> src/adapters/sni.rs:15:35
   |
15 | use zbus::{Connection, interface, MessageStream};
   |                                   ^^^^^^^^^^^^^

warning: unused import: `tokio::sync::RwLock`
 --> src/adapters/metrics.rs:2:5
  |
2 | use tokio::sync::RwLock;
  |     ^^^^^^^^^^^^^^^^^^^

warning: unused import: `CpuMode`
 --> src/adapters/metrics.rs:4:59
  |
4 | use crate::domain::metrics::{MetricsConfig, MetricsState, CpuMode, DiskMetric};
  |                                                           ^^^^^^^

warning: variable does not need to be mutable
  --> src/domain/app.rs:97:9
   |
97 |         mut dbus: impl crate::ports::DBusPort, // Left here for API compatibility but might need refactoring later
   |         ----^^^^
   |         |
   |         help: remove this `mut`
   |
   = note: `#[warn(unused_mut)]` (part of `#[warn(unused)]`) on by default

warning: unused import: `crate::ports::canvas::Canvas`
 --> src/modules/mod.rs:2:5
  |
2 | use crate::ports::canvas::Canvas;
  |     ^^^^^^^^^^^^^^^^^^^^^^^^^^^^

warning: unused import: `tokio_stream::StreamExt`
  --> src/adapters/sni.rs:22:5
   |
22 | use tokio_stream::StreamExt;
   |     ^^^^^^^^^^^^^^^^^^^^^^^

warning: unused variable: `dbus`
  --> src/domain/app.rs:97:9
   |
97 |         mut dbus: impl crate::ports::DBusPort, // Left here for API compatibility but might need refactoring later
   |         ^^^^^^^^ help: if this is intentional, prefix it with an underscore: `_dbus`
   |
   = note: `#[warn(unused_variables)]` (part of `#[warn(unused)]`) on by default

warning: unused variable: `sni`
  --> src/domain/app.rs:98:9
   |
98 |         sni: impl crate::ports::sni::SniPort,
   |         ^^^ help: if this is intentional, prefix it with an underscore: `_sni`

warning: variable does not need to be mutable
   --> src/modules/lua.rs:177:13
    |
177 |         let mut with_canvas = |f: &mut dyn FnMut(&mut dyn Canvas)| f(*canvas_cell.borrow_mut());
    |             ----^^^^^^^^^^^
    |             |
    |             help: remove this `mut`

warning: variable does not need to be mutable
   --> src/modules/lua.rs:243:13
    |
243 |         let mut with_canvas = |f: &mut dyn FnMut(&mut dyn Canvas)| f(*canvas_cell.borrow_mut());
    |             ----^^^^^^^^^^^
    |             |
    |             help: remove this `mut`

warning: variable does not need to be mutable
   --> src/modules/rhai.rs:237:13
    |
237 |         let mut commands = Vec::new();
    |             ----^^^^^^^^
    |             |
    |             help: remove this `mut`

warning: variable does not need to be mutable
  --> src/modules/actor.rs:83:17
   |
83 |             let mut dummy_pixmap = tiny_skia::PixmapMut::from_bytes(&mut dummy_data, 1, 1).unwrap();
   |                 ----^^^^^^^^^^^^
   |                 |
   |                 help: remove this `mut`

warning: variable does not need to be mutable
   --> src/modules/mod.rs:111:9
    |
111 |         mut self: Box<Self>,
    |         ----^^^^
    |         |
    |         help: remove this `mut`

warning: unused variable: `proxy`
   --> src/adapters/wayland.rs:532:32
    |
532 |     fn event(state: &mut Self, proxy: &WlPointer, event: wl_pointer::Event, _data: &(), _conn: &Connection, qh: &QueueHandle<Self>) {
    |                                ^^^^^ help: if this is intentional, prefix it with an underscore: `_proxy`

warning: unused variable: `qh`
   --> src/adapters/wayland.rs:532:109
    |
532 |     fn event(state: &mut Self, proxy: &WlPointer, event: wl_pointer::Event, _data: &(), _conn: &Connection, qh: &QueueHandle<Self>) {
    |                                                                                                             ^^ help: if this is intentional, prefix it with an underscore: `_qh`

warning: unused variable: `surface`
   --> src/adapters/wayland.rs:544:40
    |
544 |             wl_pointer::Event::Leave { surface, .. } => {
    |                                        ^^^^^^^ help: try ignoring the field: `surface: _`

warning: unused variable: `bus`
   --> src/adapters/zbus.rs:211:9
    |
211 |         bus: BusType,
    |         ^^^ help: if this is intentional, prefix it with an underscore: `_bus`

warning: unused variable: `args`
   --> src/adapters/zbus.rs:216:9
    |
216 |         args: Vec<DBusValue>,
    |         ^^^^ help: if this is intentional, prefix it with an underscore: `_args`

warning: unused variable: `destination`
   --> src/adapters/zbus.rs:212:9
    |
212 |         destination: &str,
    |         ^^^^^^^^^^^ help: if this is intentional, prefix it with an underscore: `_destination`

warning: unused variable: `path`
   --> src/adapters/zbus.rs:213:9
    |
213 |         path: &str,
    |         ^^^^ help: if this is intentional, prefix it with an underscore: `_path`

warning: unused variable: `interface`
   --> src/adapters/zbus.rs:214:9
    |
214 |         interface: &str,
    |         ^^^^^^^^^ help: if this is intentional, prefix it with an underscore: `_interface`

warning: unused variable: `method`
   --> src/adapters/zbus.rs:215:9
    |
215 |         method: &str,
    |         ^^^^^^ help: if this is intentional, prefix it with an underscore: `_method`

warning: method `size` is never used
  --> src/core/shm.rs:30:12
   |
18 | impl MmappedShm {
   | --------------- method in this implementation
...
30 |     pub fn size(&self) -> usize {
   |            ^^^^
   |
   = note: `#[warn(dead_code)]` (part of `#[warn(unused)]`) on by default

warning: methods `pool`, `size`, `width`, and `height` are never used
   --> src/core/shm.rs:123:12
    |
 74 | impl ShmBuffer {
    | -------------- methods in this implementation
...
123 |     pub fn pool(&self) -> &WlShmPool {
    |            ^^^^
...
127 |     pub fn size(&self) -> usize {
    |            ^^^^
...
131 |     pub fn width(&self) -> u32 {
    |            ^^^^^
...
135 |     pub fn height(&self) -> u32 {
    |            ^^^^^^

warning: method `value` is never used
  --> src/domain/mod.rs:24:12
   |
19 | impl ModuleId {
   | ------------- method in this implementation
...
24 |     pub fn value(&self) -> u32 {
   |            ^^^^^

warning: enum `SignalKind` is never used
  --> src/domain/signals.rs:11:10
   |
11 | pub enum SignalKind {
   |          ^^^^^^^^^^

warning: method `workspaces` is never used
  --> src/domain/signals.rs:31:12
   |
26 | impl HyprlandState {
   | ------------------ method in this implementation
...
31 |     pub fn workspaces(&self) -> &[Workspace] {
   |            ^^^^^^^^^^

warning: method `hub` is never used
  --> src/domain/app.rs:90:12
   |
57 | impl CrankyApp {
   | -------------- method in this implementation
...
90 |     pub fn hub(&self) -> &Arc<SignalHub> {
   |            ^^^

warning: variants `CreateBar`, `DestroyBar`, `Log`, `DBusCall`, and `AppletAction` are never constructed
 --> src/domain/commands.rs:3:5
  |
2 | pub enum AppCommand {
  |          ---------- variants in this enum
3 |     CreateBar(u32, String),
  |     ^^^^^^^^^
4 |     DestroyBar(u32),
  |     ^^^^^^^^^^
...
7 |     Log(tracing::Level, String),
  |     ^^^
8 |     DBusCall(crate::domain::dbus::BusType, String, String, String, String, Vec<crate::domain::dbus::DBusValue>),
  |     ^^^^^^^^
9 |     AppletAction { id: String, action: String },
  |     ^^^^^^^^^^^^
  |
  = note: `AppCommand` has a derived impl for the trait `Debug`, but this is intentionally ignored during dead code analysis

warning: method `position` is never used
  --> src/domain/geometry.rs:52:12
   |
47 | impl Rect {
   | --------- method in this implementation
...
52 |     pub fn position(&self) -> &Position {
   |            ^^^^^^^^

warning: struct `Point64` is never constructed
  --> src/domain/geometry.rs:78:12
   |
78 | pub struct Point64 {
   |            ^^^^^^^

warning: associated items `new`, `x`, and `y` are never used
  --> src/domain/geometry.rs:84:12
   |
83 | impl Point64 {
   | ------------ associated items in this implementation
84 |     pub fn new(x: f64, y: f64) -> Self {
   |            ^^^
...
88 |     pub fn x(&self) -> f64 {
   |            ^
...
92 |     pub fn y(&self) -> f64 {
   |            ^

warning: method `rendering` is never used
   --> src/domain/config.rs:108:12
    |
 90 | impl Config {
    | ----------- method in this implementation
...
108 |     pub fn rendering(&self) -> &RenderingMode {
    |            ^^^^^^^^^

warning: methods `fps_limit` and `duration_ms` are never used
   --> src/domain/config.rs:177:12
    |
168 | impl RenderingMode {
    | ------------------ methods in this implementation
...
177 |     pub fn fps_limit(&self) -> Option<u32> {
    |            ^^^^^^^^^
...
184 |     pub fn duration_ms(&self) -> Option<u64> {
    |            ^^^^^^^^^^^

warning: methods `vertical_alignment` and `as_unfocused` are never used
   --> src/domain/config.rs:247:12
    |
213 | impl BarConfig {
    | -------------- methods in this implementation
...
247 |     pub fn vertical_alignment(&self) -> VerticalAlignment {
    |            ^^^^^^^^^^^^^^^^^^
...
271 |     pub fn as_unfocused(&self) -> BarConfig {
    |            ^^^^^^^^^^^^

warning: methods `top`, `bottom`, `left`, and `right` are never used
   --> src/domain/config.rs:517:12
    |
502 | impl PartialMarginConfig {
    | ------------------------ methods in this implementation
...
517 |     pub fn top(&self) -> Option<MarginOffset> {
    |            ^^^
...
520 |     pub fn bottom(&self) -> Option<MarginOffset> {
    |            ^^^^^^
...
523 |     pub fn left(&self) -> Option<MarginOffset> {
    |            ^^^^
...
526 |     pub fn right(&self) -> Option<MarginOffset> {
    |            ^^^^^

warning: methods `top`, `bottom`, `left`, and `right` are never used
   --> src/domain/config.rs:554:12
    |
539 | impl PartialPaddingConfig {
    | ------------------------- methods in this implementation
...
554 |     pub fn top(&self) -> Option<PaddingOffset> {
    |            ^^^
...
557 |     pub fn bottom(&self) -> Option<PaddingOffset> {
    |            ^^^^^^
...
560 |     pub fn left(&self) -> Option<PaddingOffset> {
    |            ^^^^
...
563 |     pub fn right(&self) -> Option<PaddingOffset> {
    |            ^^^^^

warning: methods `size`, `color`, and `radius` are never used
   --> src/domain/config.rs:588:12
    |
575 | impl PartialBorderConfig {
    | ------------------------ methods in this implementation
...
588 |     pub fn size(&self) -> Option<BorderSize> {
    |            ^^^^
...
591 |     pub fn color(&self) -> Option<&DrawingColor> {
    |            ^^^^^
...
594 |     pub fn radius(&self) -> Option<BorderRadius> {
    |            ^^^^^^

warning: multiple methods are never used
   --> src/domain/config.rs:634:12
    |
611 | impl PartialBarConfig {
    | --------------------- methods in this implementation
...
634 |     pub fn background(&self) -> Option<&DrawingColor> {
    |            ^^^^^^^^^^
...
637 |     pub fn height(&self) -> Option<u32> {
    |            ^^^^^^
...
640 |     pub fn vertical_alignment(&self) -> Option<VerticalAlignment> {
    |            ^^^^^^^^^^^^^^^^^^
...
643 |     pub fn border(&self) -> Option<&PartialBorderConfig> {
    |            ^^^^^^
...
646 |     pub fn margin(&self) -> Option<&PartialMarginConfig> {
    |            ^^^^^^
...
649 |     pub fn padding(&self) -> Option<&PartialPaddingConfig> {
    |            ^^^^^^^
...
652 |     pub fn font_family(&self) -> Option<&FontFamily> {
    |            ^^^^^^^^^^^
...
655 |     pub fn font_size(&self) -> Option<FontSize> {
    |            ^^^^^^^^^

warning: methods `id` and `monitor` are never used
  --> src/domain/workspace.rs:17:12
   |
 9 | impl Workspace {
   | -------------- methods in this implementation
...
17 |     pub fn id(&self) -> i32 {
   |            ^^
...
21 |     pub fn monitor(&self) -> &str {
   |            ^^^^^^^

warning: methods `active_workspace_id` and `focused` are never used
  --> src/domain/workspace.rs:46:12
   |
33 | impl Monitor {
   | ------------ methods in this implementation
...
46 |     pub fn active_workspace_id(&self) -> i32 {
   |            ^^^^^^^^^^^^^^^^^^^
...
50 |     pub fn focused(&self) -> bool {
   |            ^^^^^^^

warning: struct `DBusSubscription` is never constructed
  --> src/domain/dbus.rs:12:12
   |
12 | pub struct DBusSubscription {
   |            ^^^^^^^^^^^^^^^^

warning: variants `Time`, `HyprlandState`, `DBusProperty`, `AppletsState`, and `MetricsState` are never constructed
  --> src/domain/events.rs:10:5
   |
 5 | pub enum InputEvent {
   |          ---------- variants in this enum
...
10 |     Time(chrono::DateTime<chrono::Local>),
   |     ^^^^
11 |     HyprlandState(HyprlandState),
   |     ^^^^^^^^^^^^^
12 |     DBusProperty(String, DBusValue),
   |     ^^^^^^^^^^^^
13 |     AppletsState(crate::domain::applets::AppletsState),
   |     ^^^^^^^^^^^^
14 |     MetricsState(crate::domain::metrics::MetricsState),
   |     ^^^^^^^^^^^^
   |
   = note: `InputEvent` has derived impls for the traits `Clone` and `Debug`, but these are intentionally ignored during dead code analysis

warning: method `into_data` is never used
  --> src/domain/render.rs:18:12
   |
 9 | impl RenderBuffer {
   | ----------------- method in this implementation
...
18 |     pub fn into_data(self) -> Vec<u8> {
   |            ^^^^^^^^^

warning: variant `ScriptError` is never constructed
  --> src/modules/mod.rs:12:5
   |
 8 | pub enum ModuleError {
   |          ----------- variant in this enum
...
12 |     ScriptError { module_name: String, message: String },
   |     ^^^^^^^^^^^
   |
   = note: `ModuleError` has a derived impl for the trait `Debug`, but this is intentionally ignored during dead code analysis

warning: field `name` is never read
  --> src/modules/rhai.rs:35:5
   |
31 | pub struct RhaiModule {
   |            ---------- field in this struct
...
35 |     name: String,
   |     ^^^^

warning: associated function `built_in` is never used
   --> src/modules/rhai.rs:112:12
    |
 38 | impl RhaiModule {
    | --------------- associated function in this implementation
...
112 |     pub fn built_in(name: &str) -> Option<Self> {
    |            ^^^^^^^^

warning: variants `SurfaceError` and `Internal` are never constructed
  --> src/ports/mod.rs:18:5
   |
14 | pub enum DisplayServerError {
   |          ------------------ variants in this enum
...
18 |     SurfaceError { target_id: u32, reason: String },
   |     ^^^^^^^^^^^^
...
22 |     Internal(String),
   |     ^^^^^^^^
   |
   = note: `DisplayServerError` has a derived impl for the trait `Debug`, but this is intentionally ignored during dead code analysis

warning: methods `create_bar` and `destroy_bar` are never used
  --> src/ports/mod.rs:33:8
   |
32 | pub trait DisplayServerPort: Send + Sync {
   |           ----------------- methods in this trait
33 |     fn create_bar(&self, output_id: u32, name: &str) -> Result<(), DisplayServerError>;
   |        ^^^^^^^^^^
34 |     fn destroy_bar(&self, output_id: u32) -> Result<(), DisplayServerError>;
   |        ^^^^^^^^^^^

warning: method `flush` is never used
  --> src/ports/canvas.rs:37:8
   |
 8 | pub trait Canvas: Send + Sync {
   |           ------ method in this trait
...
37 |     fn flush(&mut self) -> Result<(), DisplayServerError>;
   |        ^^^^^

warning: methods `subscribe` and `call_method` are never used
  --> src/ports/dbus.rs:12:14
   |
 7 | pub trait DBusPort: Send + Sync {
   |           -------- methods in this trait
...
12 |     async fn subscribe(&mut self, sub: DBusSubscription) -> Result<(), DBusPortError>;
   |              ^^^^^^^^^
...
15 |     async fn call_method(
   |              ^^^^^^^^^^^

warning: method `trigger_action` is never used
  --> src/ports/sni.rs:11:14
   |
 6 | pub trait SniPort: Send + Sync {
   |           ------- method in this trait
...
11 |     async fn trigger_action(&self, id: &str, action: &str) -> Result<(), SniAdapterError>;
   |              ^^^^^^^^^^^^^^

warning: methods `subscriptions` and `on_event` are never used
  --> src/ports/registry.rs:24:8
   |
22 | pub trait AnyModulePort: Send + Sync {
   |           ------------- methods in this trait
23 |     fn init(&mut self, config: &ModuleConfig, bar_config: &BarConfig) -> Result<(), String>;
24 |     fn subscriptions(&self) -> Vec<SignalKind>;
   |        ^^^^^^^^^^^^^
...
28 |     fn on_event(&mut self, event: InputEvent) -> Vec<AppCommand>;
   |        ^^^^^^^^

warning: method `register_dbus_subscriptions` is never used
  --> src/ports/registry.rs:45:14
   |
32 | pub trait ModuleRegistryPort: Send + Sync {
   |           ------------------ method in this trait
...
45 |     async fn register_dbus_subscriptions(&self, dbus: &mut dyn crate::ports::DBusPort);
   |              ^^^^^^^^^^^^^^^^^^^^^^^^^^^

warning: field `id` is never read
  --> src/adapters/wayland.rs:95:5
   |
93 | struct WaylandOutputInfo {
   |        ----------------- field in this struct
94 |     output: WlOutput,
95 |     id: u32,
   |     ^^

warning: variant `DBusError` is never constructed
  --> src/adapters/zbus.rs:15:5
   |
13 | pub enum DBusPortError {
   |          ------------- variant in this enum
14 |     #[error("DBus error: {reason}")]
15 |     DBusError { reason: String },
   |     ^^^^^^^^^
   |
   = note: `DBusPortError` has a derived impl for the trait `Debug`, but this is intentionally ignored during dead code analysis

warning: field `dbus_tx` is never read
  --> src/adapters/zbus.rs:24:5
   |
21 | pub struct ZbusAdapter {
   |            ----------- field in this struct
...
24 |     dbus_tx: watch::Sender<DBusState>,
   |     ^^^^^^^

warning: associated items `parse_value` and `handle_message` are never used
  --> src/adapters/zbus.rs:36:8
   |
27 | impl ZbusAdapter {
   | ---------------- associated items in this implementation
...
36 |     fn parse_value(val: &Value<'_>) -> DBusValue {
   |        ^^^^^^^^^^^
...
68 |     async fn handle_message(&self, msg: &Message) {
   |              ^^^^^^^^^^^^^^

warning: variant `Internal` is never constructed
  --> src/adapters/sni.rs:12:5
   |
 8 | pub enum SniAdapterError {
   |          --------------- variant in this enum
...
12 |     Internal(String),
   |     ^^^^^^^^
   |
   = note: `SniAdapterError` has a derived impl for the trait `Debug`, but this is intentionally ignored during dead code analysis

warning: `cranky` (bin "cranky") generated 74 warnings (run `cargo fix --bin "cranky" -p cranky` to apply 35 suggestions)
    Finished `dev` profile [unoptimized + debuginfo] target(s) in 0.18s
